xrun(64): 22.09-s003: (c) Copyright 1995-2022 Cadence Design Systems, Inc.
TOOL:	xrun(64)	22.09-s003: Started on Jun 22, 2026 at 02:17:08 EDT
xrun
	-sv
	-uvm
	../tb/pkg/pcie_gen5_6_types_pkg.sv
	../tb/interfaces/pcie_pipe_if.sv
	../tb/interfaces/pcie_tl_if.sv
	../tb/interfaces/pcie_dl_if.sv
	../tb/pkg/pcie_gen5_6_pkg.sv
	../rtl/pcie_gen5_6_dut_stub.sv
	../tb/top/tb_top.sv
	+UVM_TESTNAME=pcie_gen5_6_mem_rd_wr_directed_test
	+UVM_VERBOSITY=UVM_LOW
	-access +rw
	-l sim.log

   User defined plus("+") options:
	+UVM_VERBOSITY=UVM_LOW

Compiling UVM packages (uvm_pkg.sv cdns_uvm_pkg.sv) using uvmhome location /home/install/XCELIUM2209/tools/methodology/UVM/CDNS-1.1d
file: ../tb/pkg/pcie_gen5_6_types_pkg.sv
	package worklib.pcie_gen5_6_types_pkg:sv
		errors: 0, warnings: 0
file: ../tb/interfaces/pcie_pipe_if.sv
    default input #1step output #1step;
                                     |
xmvlog: *W,SAWSTP (../tb/interfaces/pcie_pipe_if.sv,68|37): Time unit "step" seen in literal - using local precision.
    default input #1step output #1step;
                                     |
xmvlog: *W,SAWSTP (../tb/interfaces/pcie_pipe_if.sv,81|37): Time unit "step" seen in literal - using local precision.
	interface worklib.pcie_pipe_if:sv
		errors: 0, warnings: 2
file: ../tb/interfaces/pcie_tl_if.sv
	interface worklib.pcie_tl_if:sv
		errors: 0, warnings: 0
file: ../tb/interfaces/pcie_dl_if.sv
	interface worklib.pcie_dl_if:sv
		errors: 0, warnings: 0
file: ../tb/pkg/pcie_gen5_6_pkg.sv
  `include "../sequence_items/pcie_tlp_item.sv"
                                              |
xmvlog: *E,COFILX (../tb/pkg/pcie_gen5_6_pkg.sv,18|46): cannot open include file '../sequence_items/pcie_tlp_item.sv'.
  `include "../sequence_items/pcie_dlp_item.sv"
                                              |
xmvlog: *E,COFILX (../tb/pkg/pcie_gen5_6_pkg.sv,19|46): cannot open include file '../sequence_items/pcie_dlp_item.sv'.
  `include "../sequence_items/pcie_flit_item.sv"
                                               |
xmvlog: *E,COFILX (../tb/pkg/pcie_gen5_6_pkg.sv,20|47): cannot open include file '../sequence_items/pcie_flit_item.sv'.
  `include "../sequence_items/pcie_pipe_symbol_item.sv"
                                                      |
xmvlog: *E,COFILX (../tb/pkg/pcie_gen5_6_pkg.sv,21|54): cannot open include file '../sequence_items/pcie_pipe_symbol_item.sv'.
  `include "../sequence_items/pcie_cfg_item.sv"
                                              |
xmvlog: *E,COFILX (../tb/pkg/pcie_gen5_6_pkg.sv,22|46): cannot open include file '../sequence_items/pcie_cfg_item.sv'.
  `include "../env/pcie_gen5_6_cfg.sv"
                                     |
xmvlog: *E,COFILX (../tb/pkg/pcie_gen5_6_pkg.sv,29|37): cannot open include file '../env/pcie_gen5_6_cfg.sv'.
  `include "../drivers/pcie_gen5_6_pipe_driver.sv"
                                                 |
xmvlog: *E,COFILX (../tb/pkg/pcie_gen5_6_pkg.sv,35|49): cannot open include file '../drivers/pcie_gen5_6_pipe_driver.sv'.
  `include "../drivers/pcie_gen5_6_tl_driver.sv"
                                               |
xmvlog: *E,COFILX (../tb/pkg/pcie_gen5_6_pkg.sv,36|47): cannot open include file '../drivers/pcie_gen5_6_tl_driver.sv'.
  `include "../drivers/pcie_gen5_6_dl_driver.sv"
                                               |
xmvlog: *E,COFILX (../tb/pkg/pcie_gen5_6_pkg.sv,37|47): cannot open include file '../drivers/pcie_gen5_6_dl_driver.sv'.
  `include "../monitors/pcie_gen5_6_pipe_monitor.sv"
                                                   |
xmvlog: *E,COFILX (../tb/pkg/pcie_gen5_6_pkg.sv,42|51): cannot open include file '../monitors/pcie_gen5_6_pipe_monitor.sv'.
  `include "../monitors/pcie_gen5_6_tl_monitor.sv"
                                                 |
xmvlog: *E,COFILX (../tb/pkg/pcie_gen5_6_pkg.sv,43|49): cannot open include file '../monitors/pcie_gen5_6_tl_monitor.sv'.
  `include "../monitors/pcie_gen5_6_dl_monitor.sv"
                                                 |
xmvlog: *E,COFILX (../tb/pkg/pcie_gen5_6_pkg.sv,44|49): cannot open include file '../monitors/pcie_gen5_6_dl_monitor.sv'.
  `include "../env/pcie_gen5_6_pipe_agent.sv"
                                            |
xmvlog: *E,COFILX (../tb/pkg/pcie_gen5_6_pkg.sv,49|44): cannot open include file '../env/pcie_gen5_6_pipe_agent.sv'.
  `include "../env/pcie_gen5_6_tl_agent.sv"
                                          |
xmvlog: *E,COFILX (../tb/pkg/pcie_gen5_6_pkg.sv,50|42): cannot open include file '../env/pcie_gen5_6_tl_agent.sv'.
  `include "../env/pcie_gen5_6_dl_agent.sv"
                                          |
xmvlog: *E,COFILX (../tb/pkg/pcie_gen5_6_pkg.sv,51|42): cannot open include file '../env/pcie_gen5_6_dl_agent.sv'.
  `include "../env/pcie_gen5_6_virtual_sequencer.sv"
                                                   |
xmvlog: *E,COFILX (../tb/pkg/pcie_gen5_6_pkg.sv,58|51): cannot open include file '../env/pcie_gen5_6_virtual_sequencer.sv'.
  `include "../env/pcie_gen5_6_ref_model.sv"
                                           |
xmvlog: *E,COFILX (../tb/pkg/pcie_gen5_6_pkg.sv,63|43): cannot open include file '../env/pcie_gen5_6_ref_model.sv'.
  `include "../env/pcie_gen5_6_scoreboard.sv"
                                            |
xmvlog: *E,COFILX (../tb/pkg/pcie_gen5_6_pkg.sv,64|44): cannot open include file '../env/pcie_gen5_6_scoreboard.sv'.
  `include "../env/pcie_gen5_6_coverage.sv"
                                          |
xmvlog: *E,COFILX (../tb/pkg/pcie_gen5_6_pkg.sv,65|42): cannot open include file '../env/pcie_gen5_6_coverage.sv'.
  `include "../env/pcie_gen5_6_env.sv"
                                     |
xmvlog: *E,COFILX (../tb/pkg/pcie_gen5_6_pkg.sv,70|37): cannot open include file '../env/pcie_gen5_6_env.sv'.
  `include "../sequences/pcie_gen5_6_base_seq.sv"
                                                |
xmvlog: *E,COFILX (../tb/pkg/pcie_gen5_6_pkg.sv,84|48): cannot open include file '../sequences/pcie_gen5_6_base_seq.sv'.
  `include "../sequences/pcie_gen5_6_link_training_seq.sv"
                                                         |
xmvlog: *E,COFILX (../tb/pkg/pcie_gen5_6_pkg.sv,98|57): cannot open include file '../sequences/pcie_gen5_6_link_training_seq.sv'.
  `include "../sequences/pcie_gen5_6_mem_rd_wr_seq.sv"
                                                     |
xmvlog: *E,COFILX (../tb/pkg/pcie_gen5_6_pkg.sv,102|53): cannot open include file '../sequences/pcie_gen5_6_mem_rd_wr_seq.sv'.
  `include "../tests/pcie_gen5_6_base_test.sv"
                                             |
xmvlog: *E,COFILX (../tb/pkg/pcie_gen5_6_pkg.sv,123|45): cannot open include file '../tests/pcie_gen5_6_base_test.sv'.
  `include "../tests/pcie_gen5_6_mem_rd_wr_directed_test.sv"
                                                           |
xmvlog: *E,COFILX (../tb/pkg/pcie_gen5_6_pkg.sv,124|59): cannot open include file '../tests/pcie_gen5_6_mem_rd_wr_directed_test.sv'.
	package worklib.pcie_gen5_6_pkg:sv
		errors: 25, warnings: 0
file: ../rtl/pcie_gen5_6_dut_stub.sv
	module worklib.pcie_gen5_6_dut_stub:sv
		errors: 0, warnings: 0
file: ../tb/top/tb_top.sv
  import pcie_gen5_6_pkg::*;
                       |
xmvlog: *E,NOPBIND (../tb/top/tb_top.sv,6|23): Package pcie_gen5_6_pkg could not be bound.
	module worklib.tb_top:sv
		errors: 1, warnings: 0
xrun: *E,VLGERR: An error occurred during parsing.  Review the log file for errors with the code *E and fix those identified problems to proceed.  Exiting with code (status 1).
TOOL:	xrun(64)	22.09-s003: Exiting on Jun 22, 2026 at 02:17:09 EDT  (total: 00:00:01)
