xrun(64): 22.09-s003: (c) Copyright 1995-2022 Cadence Design Systems, Inc.
TOOL:	xrun(64)	22.09-s003: Started on Jul 03, 2026 at 05:48:29 EDT
xrun
	-sv
	-uvm
	-timescale 1ns/1ps
	-f filelist.f
		+incdir+../tb/pkg
		+incdir+../tb/sequence_items
		+incdir+../tb/env
		+incdir+../tb/sequences
		+incdir+../tb/drivers
		+incdir+../tb/monitors
		+incdir+../tb/tests
		../tb/pkg/pcie_gen5_6_types_pkg.sv
		../tb/interfaces/pcie_pipe_if.sv
		../tb/interfaces/pcie_tl_if.sv
		../tb/interfaces/pcie_dl_if.sv
		../tb/pkg/pcie_gen5_6_pkg.sv
		../rtl/pcie_gen5_6_dut_stub.sv
		../tb/assertions/pcie_gen5_6_pipe_assertions.sv
		../tb/assertions/pcie_gen5_6_tl_assertions.sv
		../tb/assertions/pcie_gen5_6_dl_assertions.sv
		../tb/assertions/pcie_gen5_6_ltssm_assertions.sv
		../tb/top/tb_top.sv
	-access +rwc
	-messages
	-status
	-l xrun.log
	+UVM_TESTNAME=pcie_gen5_6_flit_mode_test
	+PCIE_MODE=RC
	+PCIE_SPEED=6
	+PCIE_WIDTH=16
	+PCIE_ERROR=NONE

   User defined plus("+") options:
	+PCIE_MODE=RC
	+PCIE_SPEED=6
	+PCIE_WIDTH=16
	+PCIE_ERROR=NONE

Compiling UVM packages (uvm_pkg.sv cdns_uvm_pkg.sv) using uvmhome location /home/install/XCELIUM2209/tools/methodology/UVM/CDNS-1.1d
xmvlog: Memory Usage - Current physical: 56.3M, Current virtual: 85.9M
xmvlog: CPU Usage - 0.0s system + 0.3s user = 0.3s total (0.3s, 94.8% cpu)
file: ../tb/pkg/pcie_gen5_6_types_pkg.sv
	package worklib.pcie_gen5_6_types_pkg:sv
		errors: 0, warnings: 0
file: ../tb/interfaces/pcie_pipe_if.sv
    default input #1step output #1step;
                                     |
xmvlog: *W,SAWSTP (../tb/interfaces/pcie_pipe_if.sv,68|37): Time unit "step" seen in literal - using local precision.
    default input #1step output #1step;
                                     |
xmvlog: *W,SAWSTP (../tb/interfaces/pcie_pipe_if.sv,81|37): Time unit "step" seen in literal - using local precision.
	interface worklib.pcie_pipe_if:sv
		errors: 0, warnings: 2
file: ../tb/interfaces/pcie_tl_if.sv
	interface worklib.pcie_tl_if:sv
		errors: 0, warnings: 0
file: ../tb/interfaces/pcie_dl_if.sv
	interface worklib.pcie_dl_if:sv
		errors: 0, warnings: 0
file: ../tb/pkg/pcie_gen5_6_pkg.sv
	package worklib.pcie_gen5_6_pkg:sv
		errors: 0, warnings: 0
file: ../rtl/pcie_gen5_6_dut_stub.sv
	module worklib.pcie_gen5_6_dut_stub:sv
		errors: 0, warnings: 0
file: ../tb/assertions/pcie_gen5_6_pipe_assertions.sv
	module worklib.pcie_gen5_6_pipe_assertions:sv
		errors: 0, warnings: 0
file: ../tb/assertions/pcie_gen5_6_tl_assertions.sv
	module worklib.pcie_gen5_6_tl_assertions:sv
		errors: 0, warnings: 0
file: ../tb/assertions/pcie_gen5_6_dl_assertions.sv
	module worklib.pcie_gen5_6_dl_assertions:sv
		errors: 0, warnings: 0
file: ../tb/assertions/pcie_gen5_6_ltssm_assertions.sv
	module worklib.pcie_gen5_6_ltssm_assertions:sv
		errors: 0, warnings: 0
file: ../tb/top/tb_top.sv
	module worklib.tb_top:sv
		errors: 0, warnings: 0
xmvlog: *W,SPDUSD: Include directory ../tb/sequence_items given but not used.
xmvlog: *W,SPDUSD: Include directory ../tb/env given but not used.
xmvlog: *W,SPDUSD: Include directory ../tb/sequences given but not used.
xmvlog: *W,SPDUSD: Include directory ../tb/drivers given but not used.
xmvlog: *W,SPDUSD: Include directory ../tb/monitors given but not used.
xmvlog: *W,SPDUSD: Include directory ../tb/tests given but not used.
	Total errors/warnings found outside modules and primitives:
		errors: 0, warnings: 6
xmvlog: Memory Usage - Current physical: 45.7M, Current virtual: 76.2M
xmvlog: CPU Usage - 0.0s system + 0.1s user = 0.1s total (0.1s, 94.5% cpu)
		Caching library 'worklib' ....... Done
	Elaborating the design hierarchy:
	Top level design units:
		uvm_pkg
		cdns_uvmapi
		cdns_assert2uvm_pkg
		cdns_uvm_pkg
		pcie_gen5_6_types_pkg
		pcie_gen5_6_pkg
		tb_top
xmelab: *W,DSEMEL: This SystemVerilog design will be simulated as per IEEE 1800-2009 SystemVerilog simulation semantics. Use -disable_sem2009 option for turning off SV 2009 simulation semantics.
	Building instance overlay tables: .................... Done
	Generating native compiled code:
		worklib.pcie_gen5_6_ltssm_assertions:sv <0x573f5c30>
			streams:  11, words:  9754
		worklib.pcie_gen5_6_dl_assertions:sv <0x1ce6bc01>
			streams:  16, words: 11630
		worklib.pcie_gen5_6_tl_assertions:sv <0x033c3507>
			streams:  16, words: 11203
		worklib.pcie_gen5_6_pipe_assertions:sv <0x5f359b18>
			streams:  16, words: 15058
		worklib.pcie_gen5_6_dut_stub:sv <0x0d49ace0>
			streams:   7, words: 20818
		worklib.tb_top:sv <0x50ff9b34>
			streams: 1813, words: 2766604
		worklib.pcie_tl_if:sv <0x27f2d961>
			streams:   0, words:     0
		worklib.pcie_pipe_if:sv <0x773349af>
			streams: 133, words: 81845
		worklib.cdns_uvm_pkg:sv <0x3b20a015>
			streams: 172, words: 275801
		worklib.cdns_uvmapi:svp <0x35078cd4>
			streams:  27, words: 30300
		worklib.cdns_assert2uvm_pkg:sv <0x4171f60e>
			streams:   3, words:  1777
		worklib.uvm_pkg:sv <0x04418156>
			streams: 4536, words: 7087287
	Building instance specific data structures.
	Loading native compiled code:     .................... Done
	Design hierarchy summary:
		                       Instances  Unique
		Modules:                       6       6
		Interfaces:                    3       3
		Verilog packages:              6       6
		Registers:                 17173   11070
		Scalar wires:                  8       -
		Named events:                  4      12
		Always blocks:                92      92
		Initial blocks:              389     205
		Clocking blocks:               2       2
		Clocking items:               85      85
		Parallel blocks:              26      27
		Pseudo assignments:            3       3
		Assertions:                   20      20
		Covergroup Instances:          0       1
		SV Class declarations:       220     333
		SV Class specializations:    484     484
		Simulation timescale:        1ps
	Writing initial simulation snapshot: worklib.tb_top:sv
xmelab: Memory Usage - Final: 96.3M, Peak: 99.4M, Peak virtual: 174.8M
xmelab: CPU Usage - 0.1s system + 1.9s user = 2.0s total (2.0s, 97.7% cpu)
Loading snapshot worklib.tb_top:sv .................... Done
SVSEED default: 1
xmsim: *W,DSEM2009: This SystemVerilog design is simulated as per IEEE 1800-2009 SystemVerilog simulation semantics. Use -disable_sem2009 option for turning off SV 2009 simulation semantics.
xcelium> source /home/install/XCELIUM2209/tools/xcelium/files/xmsimrc
xcelium> source /home/install/XCELIUM2209/tools/methodology/UVM/CDNS-1.1d/additions/sv/files/tcl/uvm_sim.tcl
xcelium> run
----------------------------------------------------------------
CDNS-UVM-1.1d (22.09-s003)
(C) 2007-2013 Mentor Graphics Corporation
(C) 2007-2013 Cadence Design Systems, Inc.
(C) 2006-2013 Synopsys, Inc.
(C) 2011-2013 Cypress Semiconductor Corp.
----------------------------------------------------------------

  ***********       IMPORTANT RELEASE NOTES         ************

  You are using a version of the UVM library that has been compiled
  with `UVM_NO_DEPRECATED undefined.
  See http://www.eda.org/svdb/view.php?id=3313 for more details.

  You are using a version of the UVM library that has been compiled
  with `UVM_OBJECT_MUST_HAVE_CONSTRUCTOR undefined.
  See http://www.eda.org/svdb/view.php?id=3770 for more details.

      (Specify +UVM_NO_RELNOTES to turn off this notice)

UVM_INFO @ 0: reporter [RNTST] Running test pcie_gen5_6_flit_mode_test...
UVM_INFO ../tb/pkg/../env/pcie_gen5_6_scoreboard.sv(58) @ 38000: uvm_test_top.env.scoreboard [SB] TL received type=TLP_NOP tag=0
UVM_INFO ../tb/pkg/../monitors/pcie_gen5_6_tl_monitor.sv(71) @ 38000: uvm_test_top.env.tl_agent.monitor [TL_MON] type=TLP_NOP valid=0
UVM_INFO ../tb/pkg/../env/pcie_gen5_6_scoreboard.sv(114) @ 39000: uvm_test_top.env.scoreboard [SB_PIPE] sym=PIPE_SYM_IDLE err=ERR_NONE
UVM_INFO ../tb/pkg/../env/pcie_gen5_6_scoreboard.sv(114) @ 41000: uvm_test_top.env.scoreboard [SB_PIPE] sym=PIPE_SYM_IDLE err=ERR_NONE
UVM_INFO ../tb/pkg/../env/pcie_gen5_6_scoreboard.sv(58) @ 42000: uvm_test_top.env.scoreboard [SB] TL received type=TLP_NOP tag=0
UVM_INFO ../tb/pkg/../monitors/pcie_gen5_6_tl_monitor.sv(71) @ 42000: uvm_test_top.env.tl_agent.monitor [TL_MON] type=TLP_NOP valid=0
UVM_INFO ../tb/pkg/../env/pcie_gen5_6_scoreboard.sv(114) @ 43000: uvm_test_top.env.scoreboard [SB_PIPE] sym=PIPE_SYM_IDLE err=ERR_NONE
UVM_INFO ../tb/pkg/../env/pcie_gen5_6_scoreboard.sv(114) @ 45000: uvm_test_top.env.scoreboard [SB_PIPE] sym=PIPE_SYM_FLIT err=ERR_NONE
UVM_INFO ../tb/pkg/../sequences/pcie_gen5_6_flit_mode_entry_seq.sv(79) @ 45000: uvm_test_top.env.vseqr@@s_flit_mode_entry [pcie_gen5_6_flit_mode_entry_directed_seq] FLIT MODE ENTRY LEGAL: speed=PCIE_GEN6_64P0 width=PCIE_WIDTH_X16 precoding=1 scrambling=1 scaled_fc=1
UVM_INFO ../tb/pkg/../sequences/pcie_gen5_6_flit_mode_entry_seq.sv(231) @ 45000: uvm_test_top.env.vseqr@@s_flit_mode_entry [pcie_gen5_6_flit_mode_entry_directed_seq] DIRECTED FLIT MODE ENTRY: burst=4 corrupt_sds=0 bad_crc=0 speed=PCIE_GEN6_64P0 width=PCIE_WIDTH_X16 precoding=1 scrambling=1
UVM_INFO ../tb/pkg/../sequences/pcie_gen5_6_flit_mode_entry_seq.sv(100) @ 45000: uvm_test_top.env.vseqr@@s_flit_mode_entry [pcie_gen5_6_flit_mode_entry_directed_seq] send_sds: nominal SDS 0x5d5d5d5d on lane 0
UVM_INFO ../tb/pkg/../env/pcie_gen5_6_scoreboard.sv(58) @ 46000: uvm_test_top.env.scoreboard [SB] TL received type=TLP_NOP tag=0
UVM_INFO ../tb/pkg/../monitors/pcie_gen5_6_tl_monitor.sv(71) @ 46000: uvm_test_top.env.tl_agent.monitor [TL_MON] type=TLP_NOP valid=0
UVM_INFO ../tb/pkg/../env/pcie_gen5_6_scoreboard.sv(114) @ 47000: uvm_test_top.env.scoreboard [SB_PIPE] sym=PIPE_SYM_FLIT err=ERR_NONE
UVM_INFO ../tb/pkg/../sequences/pcie_gen5_6_flit_mode_entry_seq.sv(133) @ 47000: uvm_test_top.env.vseqr@@s_flit_mode_entry [pcie_gen5_6_flit_mode_entry_directed_seq] send_flit_burst: count=4 active_lanes=16 force_bad_crc=0 speed=PCIE_GEN6_64P0
UVM_INFO ../tb/pkg/../env/pcie_gen5_6_scoreboard.sv(114) @ 49000: uvm_test_top.env.scoreboard [SB_PIPE] sym=PIPE_SYM_FLIT err=ERR_NONE
UVM_INFO ../tb/pkg/../env/pcie_gen5_6_scoreboard.sv(58) @ 50000: uvm_test_top.env.scoreboard [SB] TL received type=TLP_NOP tag=0
UVM_INFO ../tb/pkg/../monitors/pcie_gen5_6_tl_monitor.sv(71) @ 50000: uvm_test_top.env.tl_agent.monitor [TL_MON] type=TLP_NOP valid=0
UVM_INFO ../tb/pkg/../env/pcie_gen5_6_scoreboard.sv(114) @ 51000: uvm_test_top.env.scoreboard [SB_PIPE] sym=PIPE_SYM_FLIT err=ERR_NONE
UVM_INFO ../tb/pkg/../env/pcie_gen5_6_scoreboard.sv(114) @ 53000: uvm_test_top.env.scoreboard [SB_PIPE] sym=PIPE_SYM_IDLE err=ERR_NONE
UVM_INFO ../tb/pkg/../env/pcie_gen5_6_scoreboard.sv(58) @ 54000: uvm_test_top.env.scoreboard [SB] TL received type=TLP_NOP tag=0
UVM_INFO ../tb/pkg/../monitors/pcie_gen5_6_tl_monitor.sv(71) @ 54000: uvm_test_top.env.tl_agent.monitor [TL_MON] type=TLP_NOP valid=0
UVM_INFO ../tb/pkg/../env/pcie_gen5_6_scoreboard.sv(114) @ 55000: uvm_test_top.env.scoreboard [SB_PIPE] sym=PIPE_SYM_IDLE err=ERR_NONE
UVM_INFO ../tb/pkg/../env/pcie_gen5_6_scoreboard.sv(114) @ 57000: uvm_test_top.env.scoreboard [SB_PIPE] sym=PIPE_SYM_IDLE err=ERR_NONE
UVM_INFO ../tb/pkg/../env/pcie_gen5_6_scoreboard.sv(58) @ 58000: uvm_test_top.env.scoreboard [SB] TL received type=TLP_NOP tag=0
UVM_INFO ../tb/pkg/../monitors/pcie_gen5_6_tl_monitor.sv(71) @ 58000: uvm_test_top.env.tl_agent.monitor [TL_MON] type=TLP_NOP valid=0
UVM_INFO ../tb/pkg/../env/pcie_gen5_6_scoreboard.sv(114) @ 59000: uvm_test_top.env.scoreboard [SB_PIPE] sym=PIPE_SYM_IDLE err=ERR_NONE
UVM_INFO ../tb/pkg/../env/pcie_gen5_6_scoreboard.sv(114) @ 61000: uvm_test_top.env.scoreboard [SB_PIPE] sym=PIPE_SYM_IDLE err=ERR_NONE
UVM_INFO ../tb/pkg/../env/pcie_gen5_6_scoreboard.sv(58) @ 62000: uvm_test_top.env.scoreboard [SB] TL received type=TLP_NOP tag=0
UVM_INFO ../tb/pkg/../monitors/pcie_gen5_6_tl_monitor.sv(71) @ 62000: uvm_test_top.env.tl_agent.monitor [TL_MON] type=TLP_NOP valid=0
UVM_INFO ../tb/pkg/../env/pcie_gen5_6_scoreboard.sv(114) @ 63000: uvm_test_top.env.scoreboard [SB_PIPE] sym=PIPE_SYM_IDLE err=ERR_NONE
UVM_INFO ../tb/pkg/../env/pcie_gen5_6_scoreboard.sv(114) @ 65000: uvm_test_top.env.scoreboard [SB_PIPE] sym=PIPE_SYM_IDLE err=ERR_NONE
UVM_INFO ../tb/pkg/../env/pcie_gen5_6_scoreboard.sv(58) @ 66000: uvm_test_top.env.scoreboard [SB] TL received type=TLP_NOP tag=0
UVM_INFO ../tb/pkg/../monitors/pcie_gen5_6_tl_monitor.sv(71) @ 66000: uvm_test_top.env.tl_agent.monitor [TL_MON] type=TLP_NOP valid=0
UVM_INFO ../tb/pkg/../env/pcie_gen5_6_scoreboard.sv(114) @ 67000: uvm_test_top.env.scoreboard [SB_PIPE] sym=PIPE_SYM_IDLE err=ERR_NONE
UVM_INFO ../tb/pkg/../env/pcie_gen5_6_scoreboard.sv(114) @ 69000: uvm_test_top.env.scoreboard [SB_PIPE] sym=PIPE_SYM_IDLE err=ERR_NONE
UVM_INFO ../tb/pkg/../env/pcie_gen5_6_scoreboard.sv(58) @ 70000: uvm_test_top.env.scoreboard [SB] TL received type=TLP_NOP tag=0
UVM_INFO ../tb/pkg/../monitors/pcie_gen5_6_tl_monitor.sv(71) @ 70000: uvm_test_top.env.tl_agent.monitor [TL_MON] type=TLP_NOP valid=0
UVM_INFO ../tb/pkg/../env/pcie_gen5_6_scoreboard.sv(114) @ 71000: uvm_test_top.env.scoreboard [SB_PIPE] sym=PIPE_SYM_IDLE err=ERR_NONE
UVM_INFO ../tb/pkg/../env/pcie_gen5_6_scoreboard.sv(114) @ 73000: uvm_test_top.env.scoreboard [SB_PIPE] sym=PIPE_SYM_IDLE err=ERR_NONE
UVM_INFO ../tb/pkg/../env/pcie_gen5_6_scoreboard.sv(58) @ 74000: uvm_test_top.env.scoreboard [SB] TL received type=TLP_NOP tag=0
UVM_INFO ../tb/pkg/../monitors/pcie_gen5_6_tl_monitor.sv(71) @ 74000: uvm_test_top.env.tl_agent.monitor [TL_MON] type=TLP_NOP valid=0
UVM_INFO ../tb/pkg/../env/pcie_gen5_6_scoreboard.sv(114) @ 75000: uvm_test_top.env.scoreboard [SB_PIPE] sym=PIPE_SYM_IDLE err=ERR_NONE
UVM_INFO ../tb/pkg/../env/pcie_gen5_6_scoreboard.sv(114) @ 77000: uvm_test_top.env.scoreboard [SB_PIPE] sym=PIPE_SYM_IDLE err=ERR_NONE
UVM_INFO ../tb/pkg/../env/pcie_gen5_6_scoreboard.sv(58) @ 78000: uvm_test_top.env.scoreboard [SB] TL received type=TLP_NOP tag=0
UVM_INFO ../tb/pkg/../monitors/pcie_gen5_6_tl_monitor.sv(71) @ 78000: uvm_test_top.env.tl_agent.monitor [TL_MON] type=TLP_NOP valid=0
UVM_INFO ../tb/pkg/../env/pcie_gen5_6_scoreboard.sv(114) @ 79000: uvm_test_top.env.scoreboard [SB_PIPE] sym=PIPE_SYM_IDLE err=ERR_NONE
UVM_INFO ../tb/pkg/../env/pcie_gen5_6_scoreboard.sv(114) @ 81000: uvm_test_top.env.scoreboard [SB_PIPE] sym=PIPE_SYM_IDLE err=ERR_NONE
UVM_INFO ../tb/pkg/../env/pcie_gen5_6_scoreboard.sv(58) @ 82000: uvm_test_top.env.scoreboard [SB] TL received type=TLP_NOP tag=0
UVM_INFO ../tb/pkg/../monitors/pcie_gen5_6_tl_monitor.sv(71) @ 82000: uvm_test_top.env.tl_agent.monitor [TL_MON] type=TLP_NOP valid=0
UVM_INFO ../tb/pkg/../env/pcie_gen5_6_scoreboard.sv(114) @ 83000: uvm_test_top.env.scoreboard [SB_PIPE] sym=PIPE_SYM_IDLE err=ERR_NONE
UVM_INFO ../tb/pkg/../env/pcie_gen5_6_scoreboard.sv(114) @ 85000: uvm_test_top.env.scoreboard [SB_PIPE] sym=PIPE_SYM_IDLE err=ERR_NONE
UVM_INFO ../tb/pkg/../env/pcie_gen5_6_scoreboard.sv(58) @ 86000: uvm_test_top.env.scoreboard [SB] TL received type=TLP_NOP tag=0
UVM_INFO ../tb/pkg/../monitors/pcie_gen5_6_tl_monitor.sv(71) @ 86000: uvm_test_top.env.tl_agent.monitor [TL_MON] type=TLP_NOP valid=0
UVM_INFO ../tb/pkg/../env/pcie_gen5_6_scoreboard.sv(114) @ 87000: uvm_test_top.env.scoreboard [SB_PIPE] sym=PIPE_SYM_IDLE err=ERR_NONE
UVM_INFO ../tb/pkg/../sequences/pcie_gen5_6_flit_mode_entry_seq.sv(171) @ 89000: uvm_test_top.env.vseqr@@s_flit_mode_entry [pcie_gen5_6_flit_mode_entry_directed_seq] send_fc_update_after_sds: seq=4 flit_mode=1 scaled_fc=1
UVM_INFO ../tb/pkg/../env/pcie_gen5_6_scoreboard.sv(114) @ 89000: uvm_test_top.env.scoreboard [SB_PIPE] sym=PIPE_SYM_IDLE err=ERR_NONE
UVM_INFO ../tb/pkg/../env/pcie_gen5_6_scoreboard.sv(58) @ 90000: uvm_test_top.env.scoreboard [SB] TL received type=TLP_NOP tag=0
UVM_INFO ../tb/pkg/../monitors/pcie_gen5_6_tl_monitor.sv(71) @ 90000: uvm_test_top.env.tl_agent.monitor [TL_MON] type=TLP_NOP valid=0
UVM_INFO ../tb/pkg/../env/pcie_gen5_6_scoreboard.sv(114) @ 91000: uvm_test_top.env.scoreboard [SB_PIPE] sym=PIPE_SYM_IDLE err=ERR_NONE
UVM_INFO ../tb/pkg/../env/pcie_gen5_6_scoreboard.sv(114) @ 93000: uvm_test_top.env.scoreboard [SB_PIPE] sym=PIPE_SYM_IDLE err=ERR_NONE
UVM_INFO ../tb/pkg/../env/pcie_gen5_6_scoreboard.sv(58) @ 94000: uvm_test_top.env.scoreboard [SB] TL received type=TLP_NOP tag=0
UVM_INFO ../tb/pkg/../monitors/pcie_gen5_6_tl_monitor.sv(71) @ 94000: uvm_test_top.env.tl_agent.monitor [TL_MON] type=TLP_NOP valid=0
UVM_INFO ../tb/pkg/../env/pcie_gen5_6_scoreboard.sv(114) @ 95000: uvm_test_top.env.scoreboard [SB_PIPE] sym=PIPE_SYM_IDLE err=ERR_NONE
UVM_INFO ../tb/pkg/../env/pcie_gen5_6_scoreboard.sv(114) @ 97000: uvm_test_top.env.scoreboard [SB_PIPE] sym=PIPE_SYM_IDLE err=ERR_NONE
UVM_INFO ../tb/pkg/../env/pcie_gen5_6_scoreboard.sv(58) @ 98000: uvm_test_top.env.scoreboard [SB] TL received type=TLP_NOP tag=0
UVM_INFO ../tb/pkg/../monitors/pcie_gen5_6_tl_monitor.sv(71) @ 98000: uvm_test_top.env.tl_agent.monitor [TL_MON] type=TLP_NOP valid=0
UVM_INFO /home/install/XCELIUM2209/tools/methodology/UVM/CDNS-1.1d/sv/src/base/uvm_objection.svh(1268) @ 98000: reporter [TEST_DONE] 'run' phase is ready to proceed to the 'extract' phase
UVM_INFO ../tb/pkg/../env/pcie_gen5_6_scoreboard.sv(137) @ 98000: uvm_test_top.env.scoreboard [pcie_gen5_6_scoreboard] posted=0 nonposted=0 completions=0

--- UVM Report catcher Summary ---


Number of demoted UVM_FATAL reports  :    0
Number of demoted UVM_ERROR reports  :    0
Number of demoted UVM_WARNING reports:    0
Number of caught UVM_FATAL reports   :    0
Number of caught UVM_ERROR reports   :    0
Number of caught UVM_WARNING reports :    0

--- UVM Report Summary ---

** Report counts by severity
UVM_INFO :   70
UVM_WARNING :    0
UVM_ERROR :    0
UVM_FATAL :    0
** Report counts by id
[RNTST]     1
[SB]    16
[SB_PIPE]    30
[TEST_DONE]     1
[TL_MON]    16
[pcie_gen5_6_flit_mode_entry_directed_seq]     5
[pcie_gen5_6_scoreboard]     1
Simulation complete via $finish(1) at time 98 NS + 50
/home/install/XCELIUM2209/tools/methodology/UVM/CDNS-1.1d/sv/src/base/uvm_root.svh:457     $finish;
xcelium> exit
xmsim: Memory Usage - Final: 129.8M, Peak: 129.8M, Peak virtual: 417.4M
xmsim: CPU Usage - 0.0s system + 0.0s user = 0.1s total (0.1s, 60.1% cpu)
TOOL:	xrun(64)	22.09-s003: Exiting on Jul 03, 2026 at 05:48:32 EDT  (total: 00:00:03)
